Using pre-set license
Built from '2020.3/staging' branch; Version is '2020.3.16f1 (049d6eca3c44) revision 302446'; Using compiler version '192528614'; Build Type 'Release'
OS: 'Windows 10 Home Single Language; OS build 19043.1165; Version 2009; 64bit' Language: 'pt' Physical Memory: 16225 MB
BatchMode: 1, IsHumanControllingUs: 0, StartBugReporterOnCrash: 0, Is64bit: 1, IsPro: 0

 COMMAND LINE ARGUMENTS:
C:\Program Files\Unity\Hub\Editor\2020.3.16f1\Editor\Unity.exe
-adb2
-batchMode
-noUpm
-name
AssetImportWorker0
-projectPath
C:/Users/felip/Documents/ger_drone_ai/simulation/Drone - Arena 2021
-logFile
Logs/AssetImportWorker0.log
-srvPort
55326
Successfully changed project path to: C:/Users/felip/Documents/ger_drone_ai/simulation/Drone - Arena 2021
C:/Users/felip/Documents/ger_drone_ai/simulation/Drone - Arena 2021
Using Asset Import Pipeline V2.
Refreshing native plugins compatible for Editor in 161.94 ms, found 5 plugins.
Preloading 0 native plugins for Editor in 0.00 ms.
Initialize engine version: 2020.3.16f1 (049d6eca3c44)
[Subsystems] Discovering subsystems at path C:/Program Files/Unity/Hub/Editor/2020.3.16f1/Editor/Data/Resources/UnitySubsystems
[Subsystems] Discovering subsystems at path C:/Users/felip/Documents/ger_drone_ai/simulation/Drone - Arena 2021/Assets
GfxDevice: creating device client; threaded=0
Direct3D:
    Version:  Direct3D 11.0 [level 11.1]
    Renderer: AMD Radeon (TM) R5 M330 (ID=0x6660)
    Vendor:   
    VRAM:     2039 MB
    Driver:   27.20.1034.6
Shader 'Universal Render Pipeline/Particles/Lit': fallback shader 'Universal Render Pipeline/Particles/SimpleLit' not found
Initialize mono
Mono path[0] = 'C:/Program Files/Unity/Hub/Editor/2020.3.16f1/Editor/Data/Managed'
Mono path[1] = 'C:/Program Files/Unity/Hub/Editor/2020.3.16f1/Editor/Data/MonoBleedingEdge/lib/mono/unityjit'
Mono config path = 'C:/Program Files/Unity/Hub/Editor/2020.3.16f1/Editor/Data/MonoBleedingEdge/etc'
Using monoOptions --debugger-agent=transport=dt_socket,embedding=1,server=y,suspend=n,address=127.0.0.1:56368
Begin MonoManager ReloadAssembly
Registering precompiled unity dll's ...
Register platform support module: C:/Program Files/Unity/Hub/Editor/2020.3.16f1/Editor/Data/PlaybackEngines/WindowsStandaloneSupport/UnityEditor.WindowsStandalone.Extensions.dll
Register platform support module: C:/Program Files/Unity/Hub/Editor/2020.3.16f1/Editor/Data/PlaybackEngines/LinuxStandaloneSupport/UnityEditor.LinuxStandalone.Extensions.dll
Registered in 0.003876 seconds.
Native extension for LinuxStandalone target not found
Native extension for WindowsStandalone target not found
Refreshing native plugins compatible for Editor in 129.97 ms, found 5 plugins.
Preloading 0 native plugins for Editor in 0.00 ms.
Mono: successfully reloaded assembly
- Completed reload, in  2.426 seconds
Domain Reload Profiling:
	ReloadAssembly (2426ms)
		BeginReloadAssembly (118ms)
			ExecutionOrderSort (0ms)
			DisableScriptedObjects (0ms)
			BackupInstance (0ms)
			ReleaseScriptingObjects (0ms)
			CreateAndSetChildDomain (2ms)
		EndReloadAssembly (1009ms)
			LoadAssemblies (113ms)
			RebuildTransferFunctionScriptingTraits (0ms)
			SetupTypeCache (403ms)
			ReleaseScriptCaches (0ms)
			RebuildScriptCaches (57ms)
			SetupLoadedEditorAssemblies (379ms)
				LogAssemblyErrors (0ms)
				InitializePlatformSupportModulesInManaged (10ms)
				SetLoadedEditorAssemblies (0ms)
				RefreshPlugins (130ms)
				BeforeProcessingInitializeOnLoad (15ms)
				ProcessInitializeOnLoadAttributes (165ms)
				ProcessInitializeOnLoadMethodAttributes (58ms)
				AfterProcessingInitializeOnLoad (0ms)
				EditorAssembliesLoaded (0ms)
			ExecutionOrderSort2 (0ms)
			AwakeInstancesAfterBackupRestoration (0ms)
Platform modules already initialized, skipping
Registering precompiled user dll's ...
Registered in 0.012357 seconds.
Begin MonoManager ReloadAssembly
Native extension for LinuxStandalone target not found
Native extension for WindowsStandalone target not found
Refreshing native plugins compatible for Editor in 185.81 ms, found 5 plugins.
Preloading 0 native plugins for Editor in 0.00 ms.
Mono: successfully reloaded assembly
- Completed reload, in  4.339 seconds
Domain Reload Profiling:
	ReloadAssembly (4341ms)
		BeginReloadAssembly (374ms)
			ExecutionOrderSort (0ms)
			DisableScriptedObjects (10ms)
			BackupInstance (0ms)
			ReleaseScriptingObjects (0ms)
			CreateAndSetChildDomain (65ms)
		EndReloadAssembly (3836ms)
			LoadAssemblies (220ms)
			RebuildTransferFunctionScriptingTraits (0ms)
			SetupTypeCache (723ms)
			ReleaseScriptCaches (1ms)
			RebuildScriptCaches (101ms)
			SetupLoadedEditorAssemblies (2548ms)
				LogAssemblyErrors (0ms)
				InitializePlatformSupportModulesInManaged (17ms)
				SetLoadedEditorAssemblies (0ms)
				RefreshPlugins (186ms)
				BeforeProcessingInitializeOnLoad (210ms)
				ProcessInitializeOnLoadAttributes (2021ms)
				ProcessInitializeOnLoadMethodAttributes (101ms)
				AfterProcessingInitializeOnLoad (12ms)
				EditorAssembliesLoaded (0ms)
			ExecutionOrderSort2 (0ms)
			AwakeInstancesAfterBackupRestoration (16ms)
Platform modules already initialized, skipping
========================================================================
Worker process is ready to serve import requests
Shader 'Universal Render Pipeline/Particles/Lit': fallback shader 'Universal Render Pipeline/Particles/SimpleLit' not found
Launched and connected shader compiler UnityShaderCompiler.exe after 0.13 seconds
Refreshing native plugins compatible for Editor in 2.85 ms, found 5 plugins.
Preloading 0 native plugins for Editor in 0.00 ms.
Unloading 3287 Unused Serialized files (Serialized files now loaded: 0)
System memory in use before: 152.9 MB.
System memory in use after: 152.8 MB.

Unloading 37 unused Assets to reduce memory usage. Loaded Objects now: 3712.
Total: 6.364300 ms (FindLiveObjects: 0.823700 ms CreateObjectMapping: 0.394400 ms MarkObjects: 4.668900 ms  DeleteObjects: 0.472900 ms)

AssetImportParameters requested are different than current active one (requested -> active):
  custom:framework-win-MediaFoundation: 216162199b28c13a410421893ffa2e32 -> 
  custom:video-decoder-ogg-theora: a1e56fd34408186e4bbccfd4996cb3dc -> 
  custom:container-muxer-webm: aa71ff27fc2769a1b78a27578f13a17b -> 
  custom:container-demuxer-webm: 4f35f7cbe854078d1ac9338744f61a02 -> 
  custom:container-demuxer-ogg: 62fdf1f143b41e24485cea50d1cbac27 -> 
  custom:video-encoder-webm-vp8: eb34c28f22e8b96e1ab97ce403110664 -> 
  custom:video-decoder-webm-vp8: 9c59270c3fd7afecdb556c50c9e8de78 -> 
  custom:audio-decoder-ogg-vorbis: bf7c407c2cedff20999df2af8eb42d56 -> 
  custom:audio-encoder-webm-vorbis: bf7c407c2cedff20999df2af8eb42d56 -> 
========================================================================
Received Import Request.
  path: Assets/Readme.asset
  artifactKey: Guid(83c2ed844a8c74b779a4c823d16594b1) Importer(815301076,1909f56bfc062723c751e8b465ee728b)
Start importing Assets/Readme.asset using Guid(83c2ed844a8c74b779a4c823d16594b1) Importer(815301076,1909f56bfc062723c751e8b465ee728b)  -> (artifact id: '7c3b9f17ff219922461d349995487975') in 0.086096 seconds 
  Import took 0.096358 seconds .

========================================================================
Received Import Request.
  Time since last request: 220.255671 seconds.
  path: Assets/Scripts/4CantosKeypointTemplate.asset
  artifactKey: Guid(ea167d76189aef840baf5e353a5e3ae1) Importer(815301076,1909f56bfc062723c751e8b465ee728b)
Start importing Assets/Scripts/4CantosKeypointTemplate.asset using Guid(ea167d76189aef840baf5e353a5e3ae1) Importer(815301076,1909f56bfc062723c751e8b465ee728b)  -> (artifact id: '2d66ee1c06b9aec5e64f4061aad454e1') in 0.018186 seconds 
  Import took 0.030287 seconds .

========================================================================
Received Import Request.
  Time since last request: 1.695149 seconds.
  path: Assets/Scripts/AnguloRandomizer.cs
  artifactKey: Guid(4a6853d4071027d41a71bb1e5e9a5ceb) Importer(815301076,1909f56bfc062723c751e8b465ee728b)
Start importing Assets/Scripts/AnguloRandomizer.cs using Guid(4a6853d4071027d41a71bb1e5e9a5ceb) Importer(815301076,1909f56bfc062723c751e8b465ee728b)  -> (artifact id: '573416db85d053be2d0fb8eb290d8beb') in 0.043900 seconds 
  Import took 0.056085 seconds .

========================================================================
Received Import Request.
  Time since last request: 33.125839 seconds.
  path: Assets/Scripts/MultiChoiceRandomizer.cs
  artifactKey: Guid(3bea87c5b7c8d944faa4bf1dff9df7d5) Importer(815301076,1909f56bfc062723c751e8b465ee728b)
Start importing Assets/Scripts/MultiChoiceRandomizer.cs using Guid(3bea87c5b7c8d944faa4bf1dff9df7d5) Importer(815301076,1909f56bfc062723c751e8b465ee728b)  -> (artifact id: '503fad0135dd876b1b1b4774ef1d41cc') in 0.016398 seconds 
  Import took 0.032696 seconds .

========================================================================
Received Import Request.
  Time since last request: 5.730288 seconds.
  path: Assets/Scripts/MultiObjectTag.cs
  artifactKey: Guid(17d1eb788a2fd134792e6d41bfc4af8b) Importer(815301076,1909f56bfc062723c751e8b465ee728b)
Start importing Assets/Scripts/MultiObjectTag.cs using Guid(17d1eb788a2fd134792e6d41bfc4af8b) Importer(815301076,1909f56bfc062723c751e8b465ee728b)  -> (artifact id: 'a6c85c4d787fe5b820de2633d98126bf') in 0.024911 seconds 
  Import took 0.035727 seconds .

========================================================================
Received Import Request.
  Time since last request: 0.001408 seconds.
  path: Assets/Scripts/MultiObjectTag.cs
  artifactKey: Guid(17d1eb788a2fd134792e6d41bfc4af8b) Importer(815301076,1909f56bfc062723c751e8b465ee728b)
Start importing Assets/Scripts/MultiObjectTag.cs using Guid(17d1eb788a2fd134792e6d41bfc4af8b) Importer(815301076,1909f56bfc062723c751e8b465ee728b)  -> (artifact id: 'a6c85c4d787fe5b820de2633d98126bf') in 0.012678 seconds 
  Import took 0.028828 seconds .

========================================================================
Received Import Request.
  Time since last request: 1.401563 seconds.
  path: Assets/Scripts/MultipleChoiceTag.cs
  artifactKey: Guid(bf67082cbe2269e4c870aa31b8039c6b) Importer(815301076,1909f56bfc062723c751e8b465ee728b)
Start importing Assets/Scripts/MultipleChoiceTag.cs using Guid(bf67082cbe2269e4c870aa31b8039c6b) Importer(815301076,1909f56bfc062723c751e8b465ee728b)  -> (artifact id: '56b1d90efd1da2e445372a82cc2ee5e4') in 0.024098 seconds 
  Import took 0.046221 seconds .

========================================================================
Received Import Request.
  Time since last request: 1.685689 seconds.
  path: Assets/Scripts/RegionTag.cs
  artifactKey: Guid(987a17d6e22f7bd4ebdc74f1bbaed120) Importer(815301076,1909f56bfc062723c751e8b465ee728b)
Start importing Assets/Scripts/RegionTag.cs using Guid(987a17d6e22f7bd4ebdc74f1bbaed120) Importer(815301076,1909f56bfc062723c751e8b465ee728b)  -> (artifact id: '010d3ac4622feed7c39fb238d80767bf') in 0.028747 seconds 
  Import took 0.047571 seconds .

========================================================================
Received Import Request.
  Time since last request: 0.002960 seconds.
  path: Assets/Scripts/RegionTag.cs
  artifactKey: Guid(987a17d6e22f7bd4ebdc74f1bbaed120) Importer(815301076,1909f56bfc062723c751e8b465ee728b)
Start importing Assets/Scripts/RegionTag.cs using Guid(987a17d6e22f7bd4ebdc74f1bbaed120) Importer(815301076,1909f56bfc062723c751e8b465ee728b)  -> (artifact id: '010d3ac4622feed7c39fb238d80767bf') in 0.028679 seconds 
  Import took 0.064851 seconds .

========================================================================
Received Import Request.
  Time since last request: 7.138687 seconds.
  path: Assets/Scripts/MultiMaterialTag.cs
  artifactKey: Guid(fe222505c4930b24090a3b1f8a65600d) Importer(815301076,1909f56bfc062723c751e8b465ee728b)
Start importing Assets/Scripts/MultiMaterialTag.cs using Guid(fe222505c4930b24090a3b1f8a65600d) Importer(815301076,1909f56bfc062723c751e8b465ee728b)  -> (artifact id: 'd27cf9b9d659bf8163260d1fa7139b1c') in 0.013463 seconds 
  Import took 0.029448 seconds .

========================================================================
Received Import Request.
  Time since last request: 1.191404 seconds.
  path: Assets/Scripts/SimpleCameraController.cs
  artifactKey: Guid(be76e5f14cfee674cb30b491fb72b09b) Importer(815301076,1909f56bfc062723c751e8b465ee728b)
Start importing Assets/Scripts/SimpleCameraController.cs using Guid(be76e5f14cfee674cb30b491fb72b09b) Importer(815301076,1909f56bfc062723c751e8b465ee728b)  -> (artifact id: 'e6a794941a15252fee7bf727492298bd') in 0.015175 seconds 
  Import took 0.027999 seconds .

========================================================================
Received Import Request.
  Time since last request: 10.398505 seconds.
  path: Assets/Scripts/AnguloTag.cs
  artifactKey: Guid(ec6144b75cfbfe24f84c889ec429f4f7) Importer(815301076,1909f56bfc062723c751e8b465ee728b)
Start importing Assets/Scripts/AnguloTag.cs using Guid(ec6144b75cfbfe24f84c889ec429f4f7) Importer(815301076,1909f56bfc062723c751e8b465ee728b)  -> (artifact id: 'b9efa765aacad8aed3ec8b41d170c7ab') in 0.016967 seconds 
  Import took 0.026888 seconds .

========================================================================
Received Import Request.
  Time since last request: 49.689160 seconds.
  path: Assets/Settings/ForwardRenderer.asset
  artifactKey: Guid(4a8e21d5c33334b11b34a596161b9360) Importer(815301076,1909f56bfc062723c751e8b465ee728b)
Start importing Assets/Settings/ForwardRenderer.asset using Guid(4a8e21d5c33334b11b34a596161b9360) Importer(815301076,1909f56bfc062723c751e8b465ee728b)  -> (artifact id: '8aed5ef4de2703445bda44a1f2cec6ac') in 0.017444 seconds 
  Import took 0.029338 seconds .

========================================================================
Received Import Request.
  Time since last request: 0.000272 seconds.
  path: Assets/Settings/SampleSceneProfile.asset
  artifactKey: Guid(10fc4df2da32a41aaa32d77bc913491c) Importer(815301076,1909f56bfc062723c751e8b465ee728b)
Start importing Assets/Settings/SampleSceneProfile.asset using Guid(10fc4df2da32a41aaa32d77bc913491c) Importer(815301076,1909f56bfc062723c751e8b465ee728b)  -> (artifact id: '8e032b039bcbd1476593e9ea1649b903') in 0.067497 seconds 
  Import took 0.081858 seconds .

========================================================================
Received Import Request.
  Time since last request: 0.000603 seconds.
  path: Assets/Settings/UniversalRP-LowQuality.asset
  artifactKey: Guid(a31e9f9f9c9d4b9429ed0d1234e22103) Importer(815301076,1909f56bfc062723c751e8b465ee728b)
Start importing Assets/Settings/UniversalRP-LowQuality.asset using Guid(a31e9f9f9c9d4b9429ed0d1234e22103) Importer(815301076,1909f56bfc062723c751e8b465ee728b)  -> (artifact id: '6873b356855449b052d88fb52d94f6af') in 0.043462 seconds 
  Import took 0.075094 seconds .

========================================================================
Received Import Request.
  Time since last request: 0.000325 seconds.
  path: Assets/Settings/UniversalRP-MediumQuality.asset
  artifactKey: Guid(d847b876476d3d6468f5dfcd34266f96) Importer(815301076,1909f56bfc062723c751e8b465ee728b)
Start importing Assets/Settings/UniversalRP-MediumQuality.asset using Guid(d847b876476d3d6468f5dfcd34266f96) Importer(815301076,1909f56bfc062723c751e8b465ee728b)  -> (artifact id: 'c6cdbeeea9b42e2bf86e8c80c7608cd0') in 0.028423 seconds 
  Import took 0.049191 seconds .

========================================================================
Received Import Request.
  Time since last request: 0.001045 seconds.
  path: Assets/Settings/UniversalRP-HighQuality.asset
  artifactKey: Guid(19ba41d7c0026c3459d37c2fe90c55a0) Importer(815301076,1909f56bfc062723c751e8b465ee728b)
Start importing Assets/Settings/UniversalRP-HighQuality.asset using Guid(19ba41d7c0026c3459d37c2fe90c55a0) Importer(815301076,1909f56bfc062723c751e8b465ee728b)  -> (artifact id: '830a19abacffd2982fe520f0b2e7493f') in 0.026967 seconds 
  Import took 0.056001 seconds .

========================================================================
Received Import Request.
  Time since last request: 27.527906 seconds.
  path: Assets/Scripts/LabelConfig.asset
  artifactKey: Guid(5002bce38e4c66c4b9b5cdce00279240) Importer(815301076,1909f56bfc062723c751e8b465ee728b)
Start importing Assets/Scripts/LabelConfig.asset using Guid(5002bce38e4c66c4b9b5cdce00279240) Importer(815301076,1909f56bfc062723c751e8b465ee728b)  -> (artifact id: '55bf24dbdd906f4d7419490a2ed0b524') in 0.020096 seconds 
  Import took 0.033342 seconds .

========================================================================
Received Import Request.
  Time since last request: 0.022320 seconds.
  path: Assets/Scripts/LabelConfig.asset
  artifactKey: Guid(5002bce38e4c66c4b9b5cdce00279240) Importer(815301076,1909f56bfc062723c751e8b465ee728b)
Start importing Assets/Scripts/LabelConfig.asset using Guid(5002bce38e4c66c4b9b5cdce00279240) Importer(815301076,1909f56bfc062723c751e8b465ee728b)  -> (artifact id: '55bf24dbdd906f4d7419490a2ed0b524') in 0.005738 seconds 
  Import took 0.016193 seconds .

========================================================================
Received Import Request.
  Time since last request: 92.314368 seconds.
  path: Packages/com.unity.perception/Runtime/GroundTruth/Labelers/JointLabel.cs
  artifactKey: Guid(8cf4fa374b134b1680755f8280ae8e7d) Importer(815301076,1909f56bfc062723c751e8b465ee728b)
Start importing Packages/com.unity.perception/Runtime/GroundTruth/Labelers/JointLabel.cs using Guid(8cf4fa374b134b1680755f8280ae8e7d) Importer(815301076,1909f56bfc062723c751e8b465ee728b)  -> (artifact id: '254c946ed677df6fbb1739c3ab2adb90') in 0.011689 seconds 
  Import took 0.028136 seconds .

========================================================================
Received Import Request.
  Time since last request: 1689.357893 seconds.
  path: Assets/Arena/banner.png
  artifactKey: Guid(9993ae1e90e852846a4d36a0431f34d3) Importer(815301076,1909f56bfc062723c751e8b465ee728b)
Start importing Assets/Arena/banner.png using Guid(9993ae1e90e852846a4d36a0431f34d3) Importer(815301076,1909f56bfc062723c751e8b465ee728b)  -> (artifact id: '71fb51449bbb13c0aa2f81ea845589ff') in 0.185963 seconds 
  Import took 0.204381 seconds .

========================================================================
Received Import Request.
  Time since last request: 0.000260 seconds.
  path: Assets/Arena/New Material.mat
  artifactKey: Guid(1ecab050d1686d746b9da1dbe9e2e87b) Importer(815301076,1909f56bfc062723c751e8b465ee728b)
Start importing Assets/Arena/New Material.mat using Guid(1ecab050d1686d746b9da1dbe9e2e87b) Importer(815301076,1909f56bfc062723c751e8b465ee728b)  -> (artifact id: '3b4edb49bab313c11263b4ed1d6b7e4c') in 0.474003 seconds 
  Import took 0.484536 seconds .

========================================================================
Received Import Request.
  Time since last request: 0.000292 seconds.
  path: Assets/Arena/soil_sand_0045_01.jpg
  artifactKey: Guid(61ae4fafadfb26a4694fe6bdd30b0063) Importer(815301076,1909f56bfc062723c751e8b465ee728b)
Start importing Assets/Arena/soil_sand_0045_01.jpg using Guid(61ae4fafadfb26a4694fe6bdd30b0063) Importer(815301076,1909f56bfc062723c751e8b465ee728b)  -> (artifact id: '4ed43e33c86986f8592ebd68b2ba7dd0') in 0.067894 seconds 
  Import took 0.082492 seconds .

========================================================================
Received Import Request.
  Time since last request: 0.000586 seconds.
  path: Assets/Arena/Original.blend
  artifactKey: Guid(75f57769046baf74083c073e7acfe37b) Importer(815301076,1909f56bfc062723c751e8b465ee728b)
Start importing Assets/Arena/Original.blend using Guid(75f57769046baf74083c073e7acfe37b) Importer(815301076,1909f56bfc062723c751e8b465ee728b)  -> (artifact id: '32fb1f4de31d16f6b2a8dfc3e739b3bc') in 0.900568 seconds 
  Import took 0.923119 seconds .

========================================================================
Received Import Request.
  Time since last request: 0.000294 seconds.
  path: Assets/Arena/grey.png
  artifactKey: Guid(a0fce263be49c7c44b94bbd06f2117cc) Importer(815301076,1909f56bfc062723c751e8b465ee728b)
Start importing Assets/Arena/grey.png using Guid(a0fce263be49c7c44b94bbd06f2117cc) Importer(815301076,1909f56bfc062723c751e8b465ee728b)  -> (artifact id: '1b5f3a87c9da764053e706c362357534') in 0.054096 seconds 
  Import took 0.071779 seconds .

========================================================================
Received Import Request.
  Time since last request: 0.008857 seconds.
  path: Assets/Arena/IdLabelConfig.asset
  artifactKey: Guid(45349a94b3977d944bef1808bcf77846) Importer(815301076,1909f56bfc062723c751e8b465ee728b)
Start importing Assets/Arena/IdLabelConfig.asset using Guid(45349a94b3977d944bef1808bcf77846) Importer(815301076,1909f56bfc062723c751e8b465ee728b)  -> (artifact id: 'db8685d868f023d8629ac59e36980744') in 0.018755 seconds 
  Import took 0.045779 seconds .

========================================================================
Received Import Request.
  Time since last request: 0.000380 seconds.
  path: Assets/Arena/cost_base.png
  artifactKey: Guid(a30a2fdf823636b4ea1cb1d738c356ee) Importer(815301076,1909f56bfc062723c751e8b465ee728b)
Start importing Assets/Arena/cost_base.png using Guid(a30a2fdf823636b4ea1cb1d738c356ee) Importer(815301076,1909f56bfc062723c751e8b465ee728b)  -> (artifact id: '33cbaaab842b430d3e18161ba20cb43e') in 0.277963 seconds 
  Import took 0.300157 seconds .

========================================================================
Received Import Request.
  Time since last request: 0.000270 seconds.
  path: Assets/Arena/base.png
  artifactKey: Guid(13138f09e6ed99444864175cdd1e828d) Importer(815301076,1909f56bfc062723c751e8b465ee728b)
Start importing Assets/Arena/base.png using Guid(13138f09e6ed99444864175cdd1e828d) Importer(815301076,1909f56bfc062723c751e8b465ee728b)  -> (artifact id: '2ec7fd29e3dcfd7c994febb5c3944cd7') in 0.046215 seconds 
  Import took 0.056751 seconds .

========================================================================
Received Import Request.
  Time since last request: 0.000293 seconds.
  path: Assets/Arena/black.png
  artifactKey: Guid(6651ccd2bb934f74b815000e994198e5) Importer(815301076,1909f56bfc062723c751e8b465ee728b)
Start importing Assets/Arena/black.png using Guid(6651ccd2bb934f74b815000e994198e5) Importer(815301076,1909f56bfc062723c751e8b465ee728b)  -> (artifact id: '5ee1d392e39517ba8ef3dcbbb3eea11a') in 0.073258 seconds 
  Import took 0.089110 seconds .

========================================================================
Received Import Request.
  Time since last request: 0.000270 seconds.
  path: Assets/Arena/cost_base.jpg
  artifactKey: Guid(48ce24f90a2925743b5dad0aab8c105c) Importer(815301076,1909f56bfc062723c751e8b465ee728b)
Start importing Assets/Arena/cost_base.jpg using Guid(48ce24f90a2925743b5dad0aab8c105c) Importer(815301076,1909f56bfc062723c751e8b465ee728b)  -> (artifact id: 'c04b5ce813c53da04ded3b3b72ae4ea4') in 0.040340 seconds 
  Import took 0.059105 seconds .

========================================================================
Received Import Request.
  Time since last request: 3.906439 seconds.
  path: Assets/Arena/Ambiente
  artifactKey: Guid(6b508ff54772b04469a7c0de4d33086f) Importer(815301076,1909f56bfc062723c751e8b465ee728b)
Start importing Assets/Arena/Ambiente using Guid(6b508ff54772b04469a7c0de4d33086f) Importer(815301076,1909f56bfc062723c751e8b465ee728b)  -> (artifact id: '46ecfd8d292188b34fb086c65e6341e9') in 0.018940 seconds 
  Import took 0.040384 seconds .

========================================================================
Received Import Request.
  Time since last request: 0.104554 seconds.
  path: Assets/Arena/Ambiente/Barco.prefab
  artifactKey: Guid(73b1a52af937be743b5421efd4912f91) Importer(815301076,1909f56bfc062723c751e8b465ee728b)
Start importing Assets/Arena/Ambiente/Barco.prefab using Guid(73b1a52af937be743b5421efd4912f91) Importer(815301076,1909f56bfc062723c751e8b465ee728b)  -> (artifact id: '007c1c16ea976536880988e48eea268a') in 0.081301 seconds 
  Import took 0.099335 seconds .

========================================================================
Received Import Request.
  Time since last request: 0.000314 seconds.
  path: Assets/Arena/Ambiente/Fundo.prefab
  artifactKey: Guid(391ce7753723f5348a372ee16713e6b8) Importer(815301076,1909f56bfc062723c751e8b465ee728b)
Start importing Assets/Arena/Ambiente/Fundo.prefab using Guid(391ce7753723f5348a372ee16713e6b8) Importer(815301076,1909f56bfc062723c751e8b465ee728b)  -> (artifact id: '5695494919566826f2e2f2271e338152') in 0.132835 seconds 
  Import took 0.148211 seconds .

========================================================================
Received Import Request.
  Time since last request: 0.000350 seconds.
  path: Assets/Arena/Ambiente/Offshore.prefab
  artifactKey: Guid(d6ad6074d0aaad14ca551e69acb17e99) Importer(815301076,1909f56bfc062723c751e8b465ee728b)
Start importing Assets/Arena/Ambiente/Offshore.prefab using Guid(d6ad6074d0aaad14ca551e69acb17e99) Importer(815301076,1909f56bfc062723c751e8b465ee728b)  -> (artifact id: 'e49fc5d8b3aed0f26d24ef6d14401281') in 0.068328 seconds 
  Import took 0.089901 seconds .

========================================================================
Received Import Request.
  Time since last request: 0.000267 seconds.
  path: Assets/Arena/Ambiente/Pier.prefab
  artifactKey: Guid(a3a28542d73dcd14f9d727150f620cfb) Importer(815301076,1909f56bfc062723c751e8b465ee728b)
Start importing Assets/Arena/Ambiente/Pier.prefab using Guid(a3a28542d73dcd14f9d727150f620cfb) Importer(815301076,1909f56bfc062723c751e8b465ee728b)  -> (artifact id: '7fe8f6775bc9cf5908514edcd48f961d') in 0.079314 seconds 
  Import took 0.089099 seconds .

AssetImportWorkerClient::OnTransportError - code=2 error=End of file
